[2025-04-13 12:07:58] local.ERROR: SQLSTATE[HY000] [1045] Access denied for user 'root'@'localhost' (using password: NO) (SQL: select `books`.`id`, `title`, `published_date`, `name` from `books` inner join `authors` on `author_id` = `authors`.`id` order by `published_date` desc) {"exception":"[object] (Illuminate\\Database\\QueryException(code: 1045): SQLSTATE[HY000] [1045] Access denied for user 'root'@'localhost' (using password: NO) (SQL: select `books`.`id`, `title`, `published_date`, `name` from `books` inner join `authors` on `author_id` = `authors`.`id` order by `published_date` desc) at D:\\Vue\\Lumen API\\Lumen API\\bookstore-api-marco\\vendor\\illuminate\\database\\Connection.php:712)
[stacktrace]
#0 D:\\Vue\\Lumen API\\Lumen API\\bookstore-api-marco\\vendor\\illuminate\\database\\Connection.php(672): Illuminate\\Database\\Connection->runQueryCallback()
#1 D:\\Vue\\Lumen API\\Lumen API\\bookstore-api-marco\\vendor\\illuminate\\database\\Connection.php(359): Illuminate\\Database\\Connection->run()
#2 D:\\Vue\\Lumen API\\Lumen API\\bookstore-api-marco\\vendor\\illuminate\\database\\Query\\Builder.php(2413): Illuminate\\Database\\Connection->select()
#3 D:\\Vue\\Lumen API\\Lumen API\\bookstore-api-marco\\vendor\\illuminate\\database\\Query\\Builder.php(2402): Illuminate\\Database\\Query\\Builder->runSelect()
#4 D:\\Vue\\Lumen API\\Lumen API\\bookstore-api-marco\\vendor\\illuminate\\database\\Query\\Builder.php(2936): Illuminate\\Database\\Query\\Builder->Illuminate\\Database\\Query\\{closure}()
#5 D:\\Vue\\Lumen API\\Lumen API\\bookstore-api-marco\\vendor\\illuminate\\database\\Query\\Builder.php(2401): Illuminate\\Database\\Query\\Builder->onceWithColumns()
#6 D:\\Vue\\Lumen API\\Lumen API\\bookstore-api-marco\\vendor\\illuminate\\database\\Eloquent\\Builder.php(625): Illuminate\\Database\\Query\\Builder->get()
#7 D:\\Vue\\Lumen API\\Lumen API\\bookstore-api-marco\\vendor\\illuminate\\database\\Eloquent\\Builder.php(609): Illuminate\\Database\\Eloquent\\Builder->getModels()
#8 D:\\Vue\\Lumen API\\Lumen API\\bookstore-api-marco\\app\\Http\\Controllers\\BookController.php(18): Illuminate\\Database\\Eloquent\\Builder->get()
#9 D:\\Vue\\Lumen API\\Lumen API\\bookstore-api-marco\\vendor\\illuminate\\container\\BoundMethod.php(36): App\\Http\\Controllers\\BookController->getAll()
#10 D:\\Vue\\Lumen API\\Lumen API\\bookstore-api-marco\\vendor\\illuminate\\container\\Util.php(40): Illuminate\\Container\\BoundMethod::Illuminate\\Container\\{closure}()
#11 D:\\Vue\\Lumen API\\Lumen API\\bookstore-api-marco\\vendor\\illuminate\\container\\BoundMethod.php(93): Illuminate\\Container\\Util::unwrapIfClosure()
#12 D:\\Vue\\Lumen API\\Lumen API\\bookstore-api-marco\\vendor\\illuminate\\container\\BoundMethod.php(35): Illuminate\\Container\\BoundMethod::callBoundMethod()
#13 D:\\Vue\\Lumen API\\Lumen API\\bookstore-api-marco\\vendor\\illuminate\\container\\Container.php(653): Illuminate\\Container\\BoundMethod::call()
#14 D:\\Vue\\Lumen API\\Lumen API\\bookstore-api-marco\\vendor\\laravel\\lumen-framework\\src\\Concerns\\RoutesRequests.php(389): Illuminate\\Container\\Container->call()
#15 D:\\Vue\\Lumen API\\Lumen API\\bookstore-api-marco\\vendor\\laravel\\lumen-framework\\src\\Concerns\\RoutesRequests.php(354): Laravel\\Lumen\\Application->callControllerCallable()
#16 D:\\Vue\\Lumen API\\Lumen API\\bookstore-api-marco\\vendor\\laravel\\lumen-framework\\src\\Concerns\\RoutesRequests.php(329): Laravel\\Lumen\\Application->callLumenController()
#17 D:\\Vue\\Lumen API\\Lumen API\\bookstore-api-marco\\vendor\\laravel\\lumen-framework\\src\\Concerns\\RoutesRequests.php(282): Laravel\\Lumen\\Application->callControllerAction()
#18 D:\\Vue\\Lumen API\\Lumen API\\bookstore-api-marco\\vendor\\laravel\\lumen-framework\\src\\Concerns\\RoutesRequests.php(267): Laravel\\Lumen\\Application->callActionOnArrayBasedRoute()
#19 D:\\Vue\\Lumen API\\Lumen API\\bookstore-api-marco\\vendor\\laravel\\lumen-framework\\src\\Concerns\\RoutesRequests.php(169): Laravel\\Lumen\\Application->handleFoundRoute()
#20 D:\\Vue\\Lumen API\\Lumen API\\bookstore-api-marco\\vendor\\laravel\\lumen-framework\\src\\Routing\\Pipeline.php(48): Laravel\\Lumen\\Application->Laravel\\Lumen\\Concerns\\{closure}()
#21 D:\\Vue\\Lumen API\\Lumen API\\bookstore-api-marco\\app\\Http\\Middleware\\CorsMiddleware.php(31): Laravel\\Lumen\\Routing\\Pipeline->Laravel\\Lumen\\Routing\\{closure}()
#22 D:\\Vue\\Lumen API\\Lumen API\\bookstore-api-marco\\vendor\\illuminate\\pipeline\\Pipeline.php(167): App\\Http\\Middleware\\CorsMiddleware->handle()
#23 D:\\Vue\\Lumen API\\Lumen API\\bookstore-api-marco\\vendor\\laravel\\lumen-framework\\src\\Routing\\Pipeline.php(30): Illuminate\\Pipeline\\Pipeline->Illuminate\\Pipeline\\{closure}()
#24 D:\\Vue\\Lumen API\\Lumen API\\bookstore-api-marco\\vendor\\illuminate\\pipeline\\Pipeline.php(103): Laravel\\Lumen\\Routing\\Pipeline->Laravel\\Lumen\\Routing\\{closure}()
#25 D:\\Vue\\Lumen API\\Lumen API\\bookstore-api-marco\\vendor\\laravel\\lumen-framework\\src\\Concerns\\RoutesRequests.php(426): Illuminate\\Pipeline\\Pipeline->then()
#26 D:\\Vue\\Lumen API\\Lumen API\\bookstore-api-marco\\vendor\\laravel\\lumen-framework\\src\\Concerns\\RoutesRequests.php(165): Laravel\\Lumen\\Application->sendThroughPipeline()
#27 D:\\Vue\\Lumen API\\Lumen API\\bookstore-api-marco\\vendor\\laravel\\lumen-framework\\src\\Concerns\\RoutesRequests.php(112): Laravel\\Lumen\\Application->dispatch()
#28 D:\\Vue\\Lumen API\\Lumen API\\bookstore-api-marco\\public\\index.php(28): Laravel\\Lumen\\Application->run()
#29 {main}

[previous exception] [object] (PDOException(code: 1045): SQLSTATE[HY000] [1045] Access denied for user 'root'@'localhost' (using password: NO) at D:\\Vue\\Lumen API\\Lumen API\\bookstore-api-marco\\vendor\\illuminate\\database\\Connectors\\Connector.php:70)
[stacktrace]
#0 D:\\Vue\\Lumen API\\Lumen API\\bookstore-api-marco\\vendor\\illuminate\\database\\Connectors\\Connector.php(70): PDO->__construct()
#1 D:\\Vue\\Lumen API\\Lumen API\\bookstore-api-marco\\vendor\\illuminate\\database\\Connectors\\Connector.php(45): Illuminate\\Database\\Connectors\\Connector->createPdoConnection()
#2 D:\\Vue\\Lumen API\\Lumen API\\bookstore-api-marco\\vendor\\illuminate\\database\\Connectors\\MySqlConnector.php(24): Illuminate\\Database\\Connectors\\Connector->createConnection()
#3 D:\\Vue\\Lumen API\\Lumen API\\bookstore-api-marco\\vendor\\illuminate\\database\\Connectors\\ConnectionFactory.php(184): Illuminate\\Database\\Connectors\\MySqlConnector->connect()
#4 [internal function]: Illuminate\\Database\\Connectors\\ConnectionFactory->Illuminate\\Database\\Connectors\\{closure}()
#5 D:\\Vue\\Lumen API\\Lumen API\\bookstore-api-marco\\vendor\\illuminate\\database\\Connection.php(1064): call_user_func()
#6 D:\\Vue\\Lumen API\\Lumen API\\bookstore-api-marco\\vendor\\illuminate\\database\\Connection.php(1100): Illuminate\\Database\\Connection->getPdo()
#7 D:\\Vue\\Lumen API\\Lumen API\\bookstore-api-marco\\vendor\\illuminate\\database\\Connection.php(442): Illuminate\\Database\\Connection->getReadPdo()
#8 D:\\Vue\\Lumen API\\Lumen API\\bookstore-api-marco\\vendor\\illuminate\\database\\Connection.php(368): Illuminate\\Database\\Connection->getPdoForSelect()
#9 D:\\Vue\\Lumen API\\Lumen API\\bookstore-api-marco\\vendor\\illuminate\\database\\Connection.php(705): Illuminate\\Database\\Connection->Illuminate\\Database\\{closure}()
#10 D:\\Vue\\Lumen API\\Lumen API\\bookstore-api-marco\\vendor\\illuminate\\database\\Connection.php(672): Illuminate\\Database\\Connection->runQueryCallback()
#11 D:\\Vue\\Lumen API\\Lumen API\\bookstore-api-marco\\vendor\\illuminate\\database\\Connection.php(359): Illuminate\\Database\\Connection->run()
#12 D:\\Vue\\Lumen API\\Lumen API\\bookstore-api-marco\\vendor\\illuminate\\database\\Query\\Builder.php(2413): Illuminate\\Database\\Connection->select()
#13 D:\\Vue\\Lumen API\\Lumen API\\bookstore-api-marco\\vendor\\illuminate\\database\\Query\\Builder.php(2402): Illuminate\\Database\\Query\\Builder->runSelect()
#14 D:\\Vue\\Lumen API\\Lumen API\\bookstore-api-marco\\vendor\\illuminate\\database\\Query\\Builder.php(2936): Illuminate\\Database\\Query\\Builder->Illuminate\\Database\\Query\\{closure}()
#15 D:\\Vue\\Lumen API\\Lumen API\\bookstore-api-marco\\vendor\\illuminate\\database\\Query\\Builder.php(2401): Illuminate\\Database\\Query\\Builder->onceWithColumns()
#16 D:\\Vue\\Lumen API\\Lumen API\\bookstore-api-marco\\vendor\\illuminate\\database\\Eloquent\\Builder.php(625): Illuminate\\Database\\Query\\Builder->get()
#17 D:\\Vue\\Lumen API\\Lumen API\\bookstore-api-marco\\vendor\\illuminate\\database\\Eloquent\\Builder.php(609): Illuminate\\Database\\Eloquent\\Builder->getModels()
#18 D:\\Vue\\Lumen API\\Lumen API\\bookstore-api-marco\\app\\Http\\Controllers\\BookController.php(18): Illuminate\\Database\\Eloquent\\Builder->get()
#19 D:\\Vue\\Lumen API\\Lumen API\\bookstore-api-marco\\vendor\\illuminate\\container\\BoundMethod.php(36): App\\Http\\Controllers\\BookController->getAll()
#20 D:\\Vue\\Lumen API\\Lumen API\\bookstore-api-marco\\vendor\\illuminate\\container\\Util.php(40): Illuminate\\Container\\BoundMethod::Illuminate\\Container\\{closure}()
#21 D:\\Vue\\Lumen API\\Lumen API\\bookstore-api-marco\\vendor\\illuminate\\container\\BoundMethod.php(93): Illuminate\\Container\\Util::unwrapIfClosure()
#22 D:\\Vue\\Lumen API\\Lumen API\\bookstore-api-marco\\vendor\\illuminate\\container\\BoundMethod.php(35): Illuminate\\Container\\BoundMethod::callBoundMethod()
#23 D:\\Vue\\Lumen API\\Lumen API\\bookstore-api-marco\\vendor\\illuminate\\container\\Container.php(653): Illuminate\\Container\\BoundMethod::call()
#24 D:\\Vue\\Lumen API\\Lumen API\\bookstore-api-marco\\vendor\\laravel\\lumen-framework\\src\\Concerns\\RoutesRequests.php(389): Illuminate\\Container\\Container->call()
#25 D:\\Vue\\Lumen API\\Lumen API\\bookstore-api-marco\\vendor\\laravel\\lumen-framework\\src\\Concerns\\RoutesRequests.php(354): Laravel\\Lumen\\Application->callControllerCallable()
#26 D:\\Vue\\Lumen API\\Lumen API\\bookstore-api-marco\\vendor\\laravel\\lumen-framework\\src\\Concerns\\RoutesRequests.php(329): Laravel\\Lumen\\Application->callLumenController()
#27 D:\\Vue\\Lumen API\\Lumen API\\bookstore-api-marco\\vendor\\laravel\\lumen-framework\\src\\Concerns\\RoutesRequests.php(282): Laravel\\Lumen\\Application->callControllerAction()
#28 D:\\Vue\\Lumen API\\Lumen API\\bookstore-api-marco\\vendor\\laravel\\lumen-framework\\src\\Concerns\\RoutesRequests.php(267): Laravel\\Lumen\\Application->callActionOnArrayBasedRoute()
#29 D:\\Vue\\Lumen API\\Lumen API\\bookstore-api-marco\\vendor\\laravel\\lumen-framework\\src\\Concerns\\RoutesRequests.php(169): Laravel\\Lumen\\Application->handleFoundRoute()
#30 D:\\Vue\\Lumen API\\Lumen API\\bookstore-api-marco\\vendor\\laravel\\lumen-framework\\src\\Routing\\Pipeline.php(48): Laravel\\Lumen\\Application->Laravel\\Lumen\\Concerns\\{closure}()
#31 D:\\Vue\\Lumen API\\Lumen API\\bookstore-api-marco\\app\\Http\\Middleware\\CorsMiddleware.php(31): Laravel\\Lumen\\Routing\\Pipeline->Laravel\\Lumen\\Routing\\{closure}()
#32 D:\\Vue\\Lumen API\\Lumen API\\bookstore-api-marco\\vendor\\illuminate\\pipeline\\Pipeline.php(167): App\\Http\\Middleware\\CorsMiddleware->handle()
#33 D:\\Vue\\Lumen API\\Lumen API\\bookstore-api-marco\\vendor\\laravel\\lumen-framework\\src\\Routing\\Pipeline.php(30): Illuminate\\Pipeline\\Pipeline->Illuminate\\Pipeline\\{closure}()
#34 D:\\Vue\\Lumen API\\Lumen API\\bookstore-api-marco\\vendor\\illuminate\\pipeline\\Pipeline.php(103): Laravel\\Lumen\\Routing\\Pipeline->Laravel\\Lumen\\Routing\\{closure}()
#35 D:\\Vue\\Lumen API\\Lumen API\\bookstore-api-marco\\vendor\\laravel\\lumen-framework\\src\\Concerns\\RoutesRequests.php(426): Illuminate\\Pipeline\\Pipeline->then()
#36 D:\\Vue\\Lumen API\\Lumen API\\bookstore-api-marco\\vendor\\laravel\\lumen-framework\\src\\Concerns\\RoutesRequests.php(165): Laravel\\Lumen\\Application->sendThroughPipeline()
#37 D:\\Vue\\Lumen API\\Lumen API\\bookstore-api-marco\\vendor\\laravel\\lumen-framework\\src\\Concerns\\RoutesRequests.php(112): Laravel\\Lumen\\Application->dispatch()
#38 D:\\Vue\\Lumen API\\Lumen API\\bookstore-api-marco\\public\\index.php(28): Laravel\\Lumen\\Application->run()
#39 {main}
"} 
